(t.prototype.setXYZ
(t.prototype.length
(t.prototype.lengthSquared
(t.prototype.normalized
(t.prototype.set
(t.prototype.angle
(t.prototype.get
(t.prototype.toString
(t.prototype.cross
(t.prototype.equal
(t.prototype.mult
(t.prototype.dot
(t.prototype.add
(t.prototype.sub
(t.prototype.dec
(t.prototype.ra
(t.prototype.updateXYZ
(t.prototype.updateRaDec
(t.prototype.toRaRadians
(t.prototype.toDeRadians
(AngularPosition.prototype.toString
(t.prototype.appendRange
(t.prototype.init
(t.calculateNSide
(t.nside2order
(t.log2
(t.prototype.ang2pix_nest
(t.prototype.xyf2nest
(t.prototype.nest2xyf
(t.prototype.pix2ang_nest
(t.nside2Npix
(t.prototype.xyf2ring
(t.prototype.nest2ring
(t.prototype.corners_nest
(t.prototype.pix2ang_ring
(t.prototype.ring
(t.prototype.integration_limits_in_costh
(t.prototype.pixel_boundaries
(t.vector
(t.prototype.corners_ring
(t.vec2Ang
(t.prototype.queryDisc
(t.prototype.inRing
(t.prototype.ringAbove
(t.prototype.ring2nest
(t.prototype.ring2xyf
(Utils.radecToPolar
(Utils.polarToRadec
(Utils.castToInt
